Arguments: 
  C:\Program Files\nodejs\node.exe C:\Users\user\AppData\Roaming\npm\node_modules\yarn\bin\yarn.js add global nodemon

PATH: 
  C:\Program Files\NVIDIA GPU Computing Toolkit\CUDA\v11.2\bin;C:\Program Files\NVIDIA GPU Computing Toolkit\CUDA\v11.2\libnvvp;C:\Python39\Scripts\;C:\Python39\;C:\Windows\system32;C:\Windows;C:\Windows\System32\Wbem;C:\Windows\System32\WindowsPowerShell\v1.0\;C:\Windows\System32\OpenSSH\;C:\Program Files\TortoiseSVN\bin;C:\Program Files\Microsoft SQL Server\110\Tools\Binn\;C:\Program Files\nodejs\;C:\ProgramData\chocolatey\bin;C:\Program Files\Vim\vim82;C:\Program Files\Git\cmd;C:\Program Files (x86)\NVIDIA Corporation\PhysX\Common;C:\Program Files\NVIDIA Corporation\NVIDIA NvDLISR;C:\Program Files\NVIDIA Corporation\Nsight Compute 2020.3.1\;C:\Hyosung\Nextware\EXE;C:\Users\user\.dnx\bin;C:\Program Files\Microsoft DNX\Dnvm\;C:\Program Files\Microsoft SQL Server\130\Tools\Binn\;C:\Users\user\.windows-build-tools\python27\;C:\Users\user\AppData\Local\Microsoft\WindowsApps;C:\Users\user\AppData\Local\Programs\Microsoft VS Code\bin;C:\Users\user\AppData\Roaming\npm;C:\Program Files\Bandizip\7z;c:\Program Files\Vim\vim82;"C:\opencv\build\x64\\vc14\bin;";"C:\opencv\build\x64\\vc15\bin;";C:\Program Files\JetBrains\PyCharm Community Edition 2020.3.5\bin;C:\Users\user\AppData\Local\Programs\Fiddler;C:\Users\user\.windows-build-tools\python27\;C:\jdk17\jdk-17.0.1\bin

Yarn version: 
  1.22.11

Node version: 
  14.15.1

Platform: 
  win32 x64

Trace: 
  Error: self signed certificate in certificate chain
      at TLSSocket.onConnectSecure (_tls_wrap.js:1497:34)
      at TLSSocket.emit (events.js:315:20)
      at TLSSocket._finishInit (_tls_wrap.js:932:8)
      at TLSWrap.ssl.onhandshakedone (_tls_wrap.js:706:12)

npm manifest: 
  {
    "name": "nodejsmogodb",
    "version": "1.0.0",
    "description": "",
    "main": "Server.js",
    "scripts": {
      "test": "echo \"Error: no test specified\" && exit 1",
      "start": "node server.js"
    },
    "author": "Gijin.Kim",
    "license": "ISC",
    "dependencies": {
      "express": "^4.18.1",
      "nodemon": "^2.0.16"
    }
  }

yarn manifest: 
  No manifest

Lockfile: 
  No lockfile
